<?xml version="1.0" encoding="UTF-8"?>
<!-- Generated by org.testng.reporters.JUnitReportReporter -->
<testsuite hostname="priyas-MacBook-Air.local" failures="0" tests="6" name="assignment.SeleniumFrameworkDesign.TestCases" time="10.551" errors="0" timestamp="2024-08-26T20:48:00 GMT-04:00" skipped="0">
  <testcase classname="assignment.SeleniumFrameworkDesign.TestCases" name="testCase1" time="1.019"/>
  <system-out/>
  <testcase classname="assignment.SeleniumFrameworkDesign.TestCases" name="testCase5" time="7.878"/>
  <system-out/>
  <testcase classname="assignment.SeleniumFrameworkDesign.TestCases" name="testCase3" time="1.283"/>
  <system-out/>
  <testcase classname="assignment.SeleniumFrameworkDesign.TestCases" name="testCase6" time="0.034"/>
  <system-out/>
  <testcase classname="assignment.SeleniumFrameworkDesign.TestCases" name="testCase2" time="0.278"/>
  <system-out/>
  <testcase classname="assignment.SeleniumFrameworkDesign.TestCases" name="testCase4" time="0.059"/>
  <system-out/>
</testsuite> <!-- assignment.SeleniumFrameworkDesign.TestCases -->
